d:\github\voxelengine\debug\vc142.pdb
d:\github\voxelengine\debug\vc142.idb
d:\github\voxelengine\debug\voxelengine.obj
d:\github\voxelengine\debug\vertexbuffer.obj
d:\github\voxelengine\debug\window.obj
d:\github\voxelengine\debug\vertexarray.obj
d:\github\voxelengine\debug\indexbuffer.obj
d:\github\voxelengine\debug\shader.obj
d:\github\voxelengine\debug\stb_image.obj
d:\github\voxelengine\debug\texture.obj
d:\github\voxelengine\debug\camera.obj
d:\github\voxelengine\debug\voxelengine.exe
d:\github\voxelengine\debug\voxelengine.ilk
d:\github\voxelengine\debug\voxelengine.pdb
d:\github\voxelengine\debug\voxelengine.tlog\cl.command.1.tlog
d:\github\voxelengine\debug\voxelengine.tlog\cl.read.1.tlog
d:\github\voxelengine\debug\voxelengine.tlog\cl.write.1.tlog
d:\github\voxelengine\debug\voxelengine.tlog\link.command.1.tlog
d:\github\voxelengine\debug\voxelengine.tlog\link.read.1.tlog
d:\github\voxelengine\debug\voxelengine.tlog\link.write.1.tlog
