  VoxelEngine.cpp
D:\GitHub\VoxelEngine\src\window.h(38,27): warning C4244: 'initializing': conversion from 'int' to 'float', possible loss of data
D:\GitHub\VoxelEngine\src\window.h(39,28): warning C4244: 'initializing': conversion from 'int' to 'float', possible loss of data
D:\GitHub\VoxelEngine\src\window.h(40,33): warning C4244: 'initializing': conversion from 'double' to 'float', possible loss of data
D:\GitHub\VoxelEngine\src\window.h(45,27): warning C4244: 'initializing': conversion from 'double' to 'float', possible loss of data
  chunkGenerator.cpp
D:\GitHub\VoxelEngine\src\chunkGenerator.cpp(43,20): warning C4018: '<': signed/unsigned mismatch
D:\GitHub\VoxelEngine\src\chunkGenerator.cpp(57,20): warning C4018: '<': signed/unsigned mismatch
D:\GitHub\VoxelEngine\src\chunkGenerator.cpp(69,20): warning C4018: '<': signed/unsigned mismatch
D:\GitHub\VoxelEngine\src\chunkGenerator.cpp(92,15): warning C4244: 'initializing': conversion from 'int' to 'float', possible loss of data
D:\GitHub\VoxelEngine\src\chunkGenerator.cpp(97,17): warning C4244: 'initializing': conversion from 'int' to 'float', possible loss of data
  window.cpp
D:\GitHub\VoxelEngine\src\window.h(38,27): warning C4244: 'initializing': conversion from 'int' to 'float', possible loss of data
D:\GitHub\VoxelEngine\src\window.h(39,28): warning C4244: 'initializing': conversion from 'int' to 'float', possible loss of data
D:\GitHub\VoxelEngine\src\window.h(40,33): warning C4244: 'initializing': conversion from 'double' to 'float', possible loss of data
D:\GitHub\VoxelEngine\src\window.h(45,27): warning C4244: 'initializing': conversion from 'double' to 'float', possible loss of data
D:\GitHub\VoxelEngine\src\window.cpp(49,43): warning C4244: 'argument': conversion from 'int' to 'float', possible loss of data
D:\GitHub\VoxelEngine\src\window.cpp(49,30): warning C4244: 'argument': conversion from 'int' to 'float', possible loss of data
D:\GitHub\VoxelEngine\src\window.cpp(77,23): warning C4244: 'initializing': conversion from 'double' to 'float', possible loss of data
D:\GitHub\VoxelEngine\src\window.cpp(78,23): warning C4244: 'initializing': conversion from 'double' to 'float', possible loss of data
D:\GitHub\VoxelEngine\src\window.cpp(85,17): warning C4244: '=': conversion from 'double' to 'float', possible loss of data
D:\GitHub\VoxelEngine\src\window.cpp(86,17): warning C4244: '=': conversion from 'double' to 'float', possible loss of data
  Generating Code...
D:\GitHub\VoxelEngine\src\shader.h(65): warning C4715: 'shader::getUniformLocation': not all control paths return a value
  VoxelEngine.vcxproj -> D:\GitHub\VoxelEngine\Debug\VoxelEngine.exe
